2020-12-30 07:42:30,564 INFO org.springframework.boot.StartupInfoLogger [main] Starting EmployeeTrackingApplication using Java 15 on DESKTOP-IJKKA6D with PID 22724 (E:\programming\company exam\Tracking Employee Status\target\classes started by yelderiny in E:\programming\company exam\Tracking Employee Status)
2020-12-30 07:42:30,570 INFO org.springframework.boot.SpringApplication [main] No active profile set, falling back to default profiles: default
2020-12-30 07:42:32,006 INFO org.apache.juli.logging.DirectJDKLog [main] Initializing ProtocolHandler ["http-nio-8080"]
2020-12-30 07:42:32,007 INFO org.apache.juli.logging.DirectJDKLog [main] Starting service [Tomcat]
2020-12-30 07:42:32,008 INFO org.apache.juli.logging.DirectJDKLog [main] Starting Servlet engine: [Apache Tomcat/9.0.39]
2020-12-30 07:42:32,210 INFO org.apache.juli.logging.DirectJDKLog [main] Initializing Spring embedded WebApplicationContext
2020-12-30 07:42:32,423 INFO org.hibernate.Version [main] HHH000412: Hibernate Core {5.4.2.Final}
2020-12-30 07:42:32,574 INFO org.hibernate.annotations.common.reflection.java.JavaReflectionManager [main] HCANN000001: Hibernate Commons Annotations {5.1.0.Final}
2020-12-30 07:42:33,157 INFO org.hibernate.dialect.Dialect [main] HHH000400: Using dialect: org.hibernate.dialect.MySQL5Dialect
2020-12-30 07:42:33,414 INFO org.hibernate.engine.transaction.jta.platform.internal.JtaPlatformInitiator [main] HHH000490: Using JtaPlatform implementation: [org.hibernate.engine.transaction.jta.platform.internal.NoJtaPlatform]
2020-12-30 07:42:33,965 INFO org.apache.juli.logging.DirectJDKLog [main] Starting ProtocolHandler ["http-nio-8080"]
2020-12-30 07:42:34,013 INFO org.springframework.boot.StartupInfoLogger [main] Started EmployeeTrackingApplication in 4.153 seconds (JVM running for 5.433)
2020-12-30 07:43:29,524 INFO org.springframework.boot.StartupInfoLogger [main] Starting EmployeeTrackingApplication using Java 15 on DESKTOP-IJKKA6D with PID 19080 (E:\programming\company exam\Tracking Employee Status\target\classes started by yelderiny in E:\programming\company exam\Tracking Employee Status)
2020-12-30 07:43:29,528 INFO org.springframework.boot.SpringApplication [main] No active profile set, falling back to default profiles: default
2020-12-30 07:43:30,930 INFO org.apache.juli.logging.DirectJDKLog [main] Initializing ProtocolHandler ["http-nio-8080"]
2020-12-30 07:43:30,931 INFO org.apache.juli.logging.DirectJDKLog [main] Starting service [Tomcat]
2020-12-30 07:43:30,932 INFO org.apache.juli.logging.DirectJDKLog [main] Starting Servlet engine: [Apache Tomcat/9.0.39]
2020-12-30 07:43:31,113 INFO org.apache.juli.logging.DirectJDKLog [main] Initializing Spring embedded WebApplicationContext
2020-12-30 07:43:31,324 INFO org.hibernate.Version [main] HHH000412: Hibernate Core {5.4.2.Final}
2020-12-30 07:43:31,472 INFO org.hibernate.annotations.common.reflection.java.JavaReflectionManager [main] HCANN000001: Hibernate Commons Annotations {5.1.0.Final}
2020-12-30 07:43:32,041 INFO org.hibernate.dialect.Dialect [main] HHH000400: Using dialect: org.hibernate.dialect.MySQL5Dialect
2020-12-30 07:43:32,313 INFO org.hibernate.engine.transaction.jta.platform.internal.JtaPlatformInitiator [main] HHH000490: Using JtaPlatform implementation: [org.hibernate.engine.transaction.jta.platform.internal.NoJtaPlatform]
2020-12-30 07:43:32,954 INFO org.apache.juli.logging.DirectJDKLog [main] Starting ProtocolHandler ["http-nio-8080"]
2020-12-30 07:43:33,008 INFO org.springframework.boot.StartupInfoLogger [main] Started EmployeeTrackingApplication in 4.156 seconds (JVM running for 5.019)
2020-12-30 07:44:13,740 INFO org.apache.juli.logging.DirectJDKLog [http-nio-8080-exec-1] Initializing Spring DispatcherServlet 'dispatcherServlet'
2020-12-30 07:47:36,214 INFO org.springframework.boot.StartupInfoLogger [main] Starting EmployeeTrackingApplication using Java 15 on DESKTOP-IJKKA6D with PID 20060 (E:\programming\company exam\Tracking Employee Status\target\classes started by yelderiny in E:\programming\company exam\Tracking Employee Status)
2020-12-30 07:47:36,216 INFO org.springframework.boot.SpringApplication [main] No active profile set, falling back to default profiles: default
2020-12-30 07:47:36,966 INFO org.apache.juli.logging.DirectJDKLog [main] Initializing ProtocolHandler ["http-nio-8080"]
2020-12-30 07:47:36,966 INFO org.apache.juli.logging.DirectJDKLog [main] Starting service [Tomcat]
2020-12-30 07:47:36,966 INFO org.apache.juli.logging.DirectJDKLog [main] Starting Servlet engine: [Apache Tomcat/9.0.39]
2020-12-30 07:47:37,059 INFO org.apache.juli.logging.DirectJDKLog [main] Initializing Spring embedded WebApplicationContext
2020-12-30 07:47:37,167 INFO org.hibernate.Version [main] HHH000412: Hibernate Core {5.4.2.Final}
2020-12-30 07:47:37,246 INFO org.hibernate.annotations.common.reflection.java.JavaReflectionManager [main] HCANN000001: Hibernate Commons Annotations {5.1.0.Final}
2020-12-30 07:47:37,543 INFO org.hibernate.dialect.Dialect [main] HHH000400: Using dialect: org.hibernate.dialect.MySQL5Dialect
2020-12-30 07:47:37,884 DEBUG org.hibernate.engine.jdbc.spi.SqlStatementLogger [main] create table SUB_EMPLOYEE (id bigint not null, creationDate datetime not null, lastModificationDate datetime not null, employeeStatus varchar(255), name varchar(255) not null, nationalID varchar(255), primary key (id)) engine=MyISAM
2020-12-30 07:47:39,014 DEBUG org.hibernate.engine.jdbc.spi.SqlStatementLogger [main] alter table SUB_EMPLOYEE drop index UK_xtdm7m01vpjrw6ms3h9pq3w6
2020-12-30 07:47:39,074 DEBUG org.hibernate.engine.jdbc.spi.SqlStatementLogger [main] alter table SUB_EMPLOYEE add constraint UK_xtdm7m01vpjrw6ms3h9pq3w6 unique (nationalID)
2020-12-30 07:47:39,079 INFO org.hibernate.engine.transaction.jta.platform.internal.JtaPlatformInitiator [main] HHH000490: Using JtaPlatform implementation: [org.hibernate.engine.transaction.jta.platform.internal.NoJtaPlatform]
2020-12-30 07:47:39,391 INFO org.apache.juli.logging.DirectJDKLog [main] Starting ProtocolHandler ["http-nio-8080"]
2020-12-30 07:47:39,414 INFO org.springframework.boot.StartupInfoLogger [main] Started EmployeeTrackingApplication in 3.548 seconds (JVM running for 4.054)
2020-12-30 07:47:54,947 INFO org.springframework.boot.StartupInfoLogger [main] Starting EmployeeTrackingApplication using Java 15 on DESKTOP-IJKKA6D with PID 17640 (E:\programming\company exam\Tracking Employee Status\target\classes started by yelderiny in E:\programming\company exam\Tracking Employee Status)
2020-12-30 07:47:54,953 INFO org.springframework.boot.SpringApplication [main] No active profile set, falling back to default profiles: default
2020-12-30 07:47:56,045 INFO org.apache.juli.logging.DirectJDKLog [main] Initializing ProtocolHandler ["http-nio-8080"]
2020-12-30 07:47:56,046 INFO org.apache.juli.logging.DirectJDKLog [main] Starting service [Tomcat]
2020-12-30 07:47:56,046 INFO org.apache.juli.logging.DirectJDKLog [main] Starting Servlet engine: [Apache Tomcat/9.0.39]
2020-12-30 07:47:56,133 INFO org.apache.juli.logging.DirectJDKLog [main] Initializing Spring embedded WebApplicationContext
2020-12-30 07:47:56,235 INFO org.hibernate.Version [main] HHH000412: Hibernate Core {5.4.2.Final}
2020-12-30 07:47:56,316 INFO org.hibernate.annotations.common.reflection.java.JavaReflectionManager [main] HCANN000001: Hibernate Commons Annotations {5.1.0.Final}
2020-12-30 07:47:56,602 INFO org.hibernate.dialect.Dialect [main] HHH000400: Using dialect: org.hibernate.dialect.MySQL5Dialect
2020-12-30 07:47:57,511 DEBUG org.hibernate.engine.jdbc.spi.SqlStatementLogger [main] create table EMPLOYEE (id bigint not null, creationDate datetime not null, lastModificationDate datetime not null, employeeStatus varchar(255), name varchar(255) not null, nationalID varchar(255), primary key (id)) engine=MyISAM
2020-12-30 07:47:59,242 DEBUG org.hibernate.engine.jdbc.spi.SqlStatementLogger [main] alter table EMPLOYEE drop index UK_42h46n5gc4lbu7bpwa7p6mns7
2020-12-30 07:47:59,260 DEBUG org.hibernate.engine.jdbc.spi.SqlStatementLogger [main] alter table EMPLOYEE add constraint UK_42h46n5gc4lbu7bpwa7p6mns7 unique (nationalID)
2020-12-30 07:47:59,268 INFO org.hibernate.engine.transaction.jta.platform.internal.JtaPlatformInitiator [main] HHH000490: Using JtaPlatform implementation: [org.hibernate.engine.transaction.jta.platform.internal.NoJtaPlatform]
2020-12-30 07:47:59,562 INFO org.apache.juli.logging.DirectJDKLog [main] Starting ProtocolHandler ["http-nio-8080"]
2020-12-30 07:47:59,584 INFO org.springframework.boot.StartupInfoLogger [main] Started EmployeeTrackingApplication in 5.356 seconds (JVM running for 6.329)
2020-12-30 07:48:15,536 INFO org.apache.juli.logging.DirectJDKLog [http-nio-8080-exec-1] Initializing Spring DispatcherServlet 'dispatcherServlet'
2020-12-30 07:48:15,677 DEBUG org.hibernate.engine.jdbc.spi.SqlStatementLogger [http-nio-8080-exec-1] select next_val as id_val from hibernate_sequence for update
2020-12-30 07:48:16,162 DEBUG org.hibernate.engine.jdbc.spi.SqlStatementLogger [http-nio-8080-exec-1] update hibernate_sequence set next_val= ? where next_val=?
2020-12-30 07:52:12,390 DEBUG org.hibernate.engine.jdbc.spi.SqlStatementLogger [http-nio-8080-exec-5] select next_val as id_val from hibernate_sequence for update
2020-12-30 07:52:12,391 DEBUG org.hibernate.engine.jdbc.spi.SqlStatementLogger [http-nio-8080-exec-5] update hibernate_sequence set next_val= ? where next_val=?
2020-12-30 07:52:50,516 INFO org.springframework.boot.StartupInfoLogger [main] Starting EmployeeTrackingApplication using Java 15 on DESKTOP-IJKKA6D with PID 18532 (E:\programming\company exam\Tracking Employee Status\target\classes started by yelderiny in E:\programming\company exam\Tracking Employee Status)
2020-12-30 07:52:50,520 INFO org.springframework.boot.SpringApplication [main] No active profile set, falling back to default profiles: default
2020-12-30 07:52:51,931 INFO org.apache.juli.logging.DirectJDKLog [main] Initializing ProtocolHandler ["http-nio-8080"]
2020-12-30 07:52:51,932 INFO org.apache.juli.logging.DirectJDKLog [main] Starting service [Tomcat]
2020-12-30 07:52:51,933 INFO org.apache.juli.logging.DirectJDKLog [main] Starting Servlet engine: [Apache Tomcat/9.0.39]
2020-12-30 07:52:52,115 INFO org.apache.juli.logging.DirectJDKLog [main] Initializing Spring embedded WebApplicationContext
2020-12-30 07:52:52,322 INFO org.hibernate.Version [main] HHH000412: Hibernate Core {5.4.2.Final}
2020-12-30 07:52:52,483 INFO org.hibernate.annotations.common.reflection.java.JavaReflectionManager [main] HCANN000001: Hibernate Commons Annotations {5.1.0.Final}
2020-12-30 07:52:52,827 INFO org.hibernate.dialect.Dialect [main] HHH000400: Using dialect: org.hibernate.dialect.MySQL5Dialect
2020-12-30 07:52:53,163 INFO org.hibernate.engine.transaction.jta.platform.internal.JtaPlatformInitiator [main] HHH000490: Using JtaPlatform implementation: [org.hibernate.engine.transaction.jta.platform.internal.NoJtaPlatform]
2020-12-30 07:52:53,473 INFO org.apache.juli.logging.DirectJDKLog [main] Starting ProtocolHandler ["http-nio-8080"]
2020-12-30 07:52:53,497 INFO org.springframework.boot.StartupInfoLogger [main] Started EmployeeTrackingApplication in 3.476 seconds (JVM running for 3.992)
2020-12-30 07:53:11,918 INFO org.springframework.boot.StartupInfoLogger [main] Starting EmployeeTrackingApplication using Java 15 on DESKTOP-IJKKA6D with PID 19328 (E:\programming\company exam\Tracking Employee Status\target\classes started by yelderiny in E:\programming\company exam\Tracking Employee Status)
2020-12-30 07:53:11,922 INFO org.springframework.boot.SpringApplication [main] No active profile set, falling back to default profiles: default
2020-12-30 07:53:12,685 INFO org.apache.juli.logging.DirectJDKLog [main] Initializing ProtocolHandler ["http-nio-8080"]
2020-12-30 07:53:12,686 INFO org.apache.juli.logging.DirectJDKLog [main] Starting service [Tomcat]
2020-12-30 07:53:12,686 INFO org.apache.juli.logging.DirectJDKLog [main] Starting Servlet engine: [Apache Tomcat/9.0.39]
2020-12-30 07:53:12,771 INFO org.apache.juli.logging.DirectJDKLog [main] Initializing Spring embedded WebApplicationContext
2020-12-30 07:53:12,874 INFO org.hibernate.Version [main] HHH000412: Hibernate Core {5.4.2.Final}
2020-12-30 07:53:12,944 INFO org.hibernate.annotations.common.reflection.java.JavaReflectionManager [main] HCANN000001: Hibernate Commons Annotations {5.1.0.Final}
2020-12-30 07:53:13,221 INFO org.hibernate.dialect.Dialect [main] HHH000400: Using dialect: org.hibernate.dialect.MySQL5Dialect
2020-12-30 07:53:13,553 INFO org.hibernate.engine.transaction.jta.platform.internal.JtaPlatformInitiator [main] HHH000490: Using JtaPlatform implementation: [org.hibernate.engine.transaction.jta.platform.internal.NoJtaPlatform]
2020-12-30 07:53:13,868 INFO org.apache.juli.logging.DirectJDKLog [main] Starting ProtocolHandler ["http-nio-8080"]
2020-12-30 07:53:13,892 INFO org.springframework.boot.StartupInfoLogger [main] Started EmployeeTrackingApplication in 2.609 seconds (JVM running for 3.631)
2020-12-30 07:53:18,826 INFO org.apache.juli.logging.DirectJDKLog [http-nio-8080-exec-2] Initializing Spring DispatcherServlet 'dispatcherServlet'
2020-12-30 07:53:18,955 DEBUG org.hibernate.engine.jdbc.spi.SqlStatementLogger [http-nio-8080-exec-2] select next_val as id_val from hibernate_sequence for update
2020-12-30 07:53:18,962 DEBUG org.hibernate.engine.jdbc.spi.SqlStatementLogger [http-nio-8080-exec-2] update hibernate_sequence set next_val= ? where next_val=?
2020-12-30 07:53:28,583 DEBUG org.hibernate.engine.jdbc.spi.SqlStatementLogger [http-nio-8080-exec-4] select next_val as id_val from hibernate_sequence for update
2020-12-30 07:53:28,585 DEBUG org.hibernate.engine.jdbc.spi.SqlStatementLogger [http-nio-8080-exec-4] update hibernate_sequence set next_val= ? where next_val=?
2020-12-30 07:56:13,817 DEBUG org.hibernate.engine.jdbc.spi.SqlStatementLogger [http-nio-8080-exec-7] select employee0_.id as id1_0_, employee0_.creationDate as creation2_0_, employee0_.lastModificationDate as lastModi3_0_, employee0_.employeeStatus as employee4_0_, employee0_.name as name5_0_, employee0_.nationalID as national6_0_ from EMPLOYEE employee0_ where employee0_.id=?
2020-12-30 07:56:13,822 TRACE org.hibernate.type.descriptor.sql.BasicBinder [http-nio-8080-exec-7] binding parameter [1] as [BIGINT] - [4]
2020-12-30 07:57:12,984 INFO org.springframework.boot.StartupInfoLogger [main] Starting EmployeeTrackingApplication using Java 15 on DESKTOP-IJKKA6D with PID 7984 (E:\programming\company exam\Tracking Employee Status\target\classes started by yelderiny in E:\programming\company exam\Tracking Employee Status)
2020-12-30 07:57:12,987 INFO org.springframework.boot.SpringApplication [main] No active profile set, falling back to default profiles: default
2020-12-30 07:57:14,456 INFO org.apache.juli.logging.DirectJDKLog [main] Initializing ProtocolHandler ["http-nio-8080"]
2020-12-30 07:57:14,457 INFO org.apache.juli.logging.DirectJDKLog [main] Starting service [Tomcat]
2020-12-30 07:57:14,457 INFO org.apache.juli.logging.DirectJDKLog [main] Starting Servlet engine: [Apache Tomcat/9.0.39]
2020-12-30 07:57:14,667 INFO org.apache.juli.logging.DirectJDKLog [main] Initializing Spring embedded WebApplicationContext
2020-12-30 07:57:14,878 INFO org.hibernate.Version [main] HHH000412: Hibernate Core {5.4.2.Final}
2020-12-30 07:57:15,035 INFO org.hibernate.annotations.common.reflection.java.JavaReflectionManager [main] HCANN000001: Hibernate Commons Annotations {5.1.0.Final}
2020-12-30 07:57:15,492 INFO org.hibernate.dialect.Dialect [main] HHH000400: Using dialect: org.hibernate.dialect.MySQL5Dialect
2020-12-30 07:57:15,830 INFO org.hibernate.engine.transaction.jta.platform.internal.JtaPlatformInitiator [main] HHH000490: Using JtaPlatform implementation: [org.hibernate.engine.transaction.jta.platform.internal.NoJtaPlatform]
2020-12-30 07:57:16,149 INFO org.apache.juli.logging.DirectJDKLog [main] Starting ProtocolHandler ["http-nio-8080"]
2020-12-30 07:57:16,175 INFO org.springframework.boot.StartupInfoLogger [main] Started EmployeeTrackingApplication in 3.581 seconds (JVM running for 4.238)
2020-12-30 07:57:23,344 INFO org.springframework.boot.StartupInfoLogger [main] Starting EmployeeTrackingApplication using Java 15 on DESKTOP-IJKKA6D with PID 21428 (E:\programming\company exam\Tracking Employee Status\target\classes started by yelderiny in E:\programming\company exam\Tracking Employee Status)
2020-12-30 07:57:23,347 INFO org.springframework.boot.SpringApplication [main] No active profile set, falling back to default profiles: default
2020-12-30 07:57:24,138 INFO org.apache.juli.logging.DirectJDKLog [main] Initializing ProtocolHandler ["http-nio-8080"]
2020-12-30 07:57:24,139 INFO org.apache.juli.logging.DirectJDKLog [main] Starting service [Tomcat]
2020-12-30 07:57:24,139 INFO org.apache.juli.logging.DirectJDKLog [main] Starting Servlet engine: [Apache Tomcat/9.0.39]
2020-12-30 07:57:24,238 INFO org.apache.juli.logging.DirectJDKLog [main] Initializing Spring embedded WebApplicationContext
2020-12-30 07:57:24,356 INFO org.hibernate.Version [main] HHH000412: Hibernate Core {5.4.2.Final}
2020-12-30 07:57:24,488 INFO org.hibernate.annotations.common.reflection.java.JavaReflectionManager [main] HCANN000001: Hibernate Commons Annotations {5.1.0.Final}
2020-12-30 07:57:25,240 INFO org.hibernate.dialect.Dialect [main] HHH000400: Using dialect: org.hibernate.dialect.MySQL5Dialect
2020-12-30 07:57:26,101 INFO org.hibernate.engine.transaction.jta.platform.internal.JtaPlatformInitiator [main] HHH000490: Using JtaPlatform implementation: [org.hibernate.engine.transaction.jta.platform.internal.NoJtaPlatform]
2020-12-30 07:57:26,807 INFO org.apache.juli.logging.DirectJDKLog [main] Starting ProtocolHandler ["http-nio-8080"]
2020-12-30 07:57:26,833 INFO org.springframework.boot.StartupInfoLogger [main] Started EmployeeTrackingApplication in 3.971 seconds (JVM running for 4.884)
2020-12-30 07:57:30,321 INFO org.apache.juli.logging.DirectJDKLog [http-nio-8080-exec-1] Initializing Spring DispatcherServlet 'dispatcherServlet'
2020-12-30 07:59:14,070 DEBUG org.hibernate.engine.jdbc.spi.SqlStatementLogger [http-nio-8080-exec-1] select employee0_.id as id1_0_, employee0_.creationDate as creation2_0_, employee0_.lastModificationDate as lastModi3_0_, employee0_.employeeStatus as employee4_0_, employee0_.name as name5_0_, employee0_.nationalID as national6_0_ from EMPLOYEE employee0_ where employee0_.id=?
2020-12-30 07:59:14,090 TRACE org.hibernate.type.descriptor.sql.BasicBinder [http-nio-8080-exec-1] binding parameter [1] as [BIGINT] - [4]
2020-12-30 07:59:59,031 DEBUG org.hibernate.engine.jdbc.spi.SqlStatementLogger [http-nio-8080-exec-3] select employee0_.id as id1_0_, employee0_.creationDate as creation2_0_, employee0_.lastModificationDate as lastModi3_0_, employee0_.employeeStatus as employee4_0_, employee0_.name as name5_0_, employee0_.nationalID as national6_0_ from EMPLOYEE employee0_ where employee0_.id=?
2020-12-30 07:59:59,033 TRACE org.hibernate.type.descriptor.sql.BasicBinder [http-nio-8080-exec-3] binding parameter [1] as [BIGINT] - [4]
2020-12-30 08:01:27,568 DEBUG org.hibernate.engine.jdbc.spi.SqlStatementLogger [http-nio-8080-exec-6] select employee0_.id as id1_0_, employee0_.creationDate as creation2_0_, employee0_.lastModificationDate as lastModi3_0_, employee0_.employeeStatus as employee4_0_, employee0_.name as name5_0_, employee0_.nationalID as national6_0_ from EMPLOYEE employee0_ where employee0_.id=?
2020-12-30 08:01:27,569 TRACE org.hibernate.type.descriptor.sql.BasicBinder [http-nio-8080-exec-6] binding parameter [1] as [BIGINT] - [4]
2020-12-30 08:01:37,816 INFO org.springframework.boot.StartupInfoLogger [main] Starting EmployeeTrackingApplication using Java 15 on DESKTOP-IJKKA6D with PID 8748 (E:\programming\company exam\Tracking Employee Status\target\classes started by yelderiny in E:\programming\company exam\Tracking Employee Status)
2020-12-30 08:01:37,822 INFO org.springframework.boot.SpringApplication [main] No active profile set, falling back to default profiles: default
2020-12-30 08:01:39,046 INFO org.apache.juli.logging.DirectJDKLog [main] Initializing ProtocolHandler ["http-nio-8080"]
2020-12-30 08:01:39,047 INFO org.apache.juli.logging.DirectJDKLog [main] Starting service [Tomcat]
2020-12-30 08:01:39,047 INFO org.apache.juli.logging.DirectJDKLog [main] Starting Servlet engine: [Apache Tomcat/9.0.39]
2020-12-30 08:01:39,143 INFO org.apache.juli.logging.DirectJDKLog [main] Initializing Spring embedded WebApplicationContext
2020-12-30 08:01:39,265 INFO org.hibernate.Version [main] HHH000412: Hibernate Core {5.4.2.Final}
2020-12-30 08:01:39,356 INFO org.hibernate.annotations.common.reflection.java.JavaReflectionManager [main] HCANN000001: Hibernate Commons Annotations {5.1.0.Final}
2020-12-30 08:01:39,699 INFO org.hibernate.dialect.Dialect [main] HHH000400: Using dialect: org.hibernate.dialect.MySQL5Dialect
2020-12-30 08:01:40,086 INFO org.hibernate.engine.transaction.jta.platform.internal.JtaPlatformInitiator [main] HHH000490: Using JtaPlatform implementation: [org.hibernate.engine.transaction.jta.platform.internal.NoJtaPlatform]
2020-12-30 08:01:40,435 INFO org.apache.juli.logging.DirectJDKLog [main] Starting ProtocolHandler ["http-nio-8080"]
2020-12-30 08:01:40,461 INFO org.springframework.boot.StartupInfoLogger [main] Started EmployeeTrackingApplication in 3.421 seconds (JVM running for 4.47)
2020-12-30 08:01:42,982 INFO org.apache.juli.logging.DirectJDKLog [http-nio-8080-exec-2] Initializing Spring DispatcherServlet 'dispatcherServlet'
2020-12-30 08:01:47,743 DEBUG org.hibernate.engine.jdbc.spi.SqlStatementLogger [http-nio-8080-exec-2] select employee0_.id as id1_0_, employee0_.creationDate as creation2_0_, employee0_.lastModificationDate as lastModi3_0_, employee0_.employeeStatus as employee4_0_, employee0_.name as name5_0_, employee0_.nationalID as national6_0_ from EMPLOYEE employee0_ where employee0_.id=?
2020-12-30 08:01:47,746 TRACE org.hibernate.type.descriptor.sql.BasicBinder [http-nio-8080-exec-2] binding parameter [1] as [BIGINT] - [4]
2020-12-30 08:03:46,990 INFO org.springframework.boot.StartupInfoLogger [main] Starting EmployeeTrackingApplication using Java 15 on DESKTOP-IJKKA6D with PID 4624 (E:\programming\company exam\Tracking Employee Status\target\classes started by yelderiny in E:\programming\company exam\Tracking Employee Status)
2020-12-30 08:03:46,993 INFO org.springframework.boot.SpringApplication [main] No active profile set, falling back to default profiles: default
2020-12-30 08:03:47,759 INFO org.apache.juli.logging.DirectJDKLog [main] Initializing ProtocolHandler ["http-nio-8080"]
2020-12-30 08:03:47,759 INFO org.apache.juli.logging.DirectJDKLog [main] Starting service [Tomcat]
2020-12-30 08:03:47,760 INFO org.apache.juli.logging.DirectJDKLog [main] Starting Servlet engine: [Apache Tomcat/9.0.39]
2020-12-30 08:03:47,850 INFO org.apache.juli.logging.DirectJDKLog [main] Initializing Spring embedded WebApplicationContext
2020-12-30 08:03:47,965 INFO org.hibernate.Version [main] HHH000412: Hibernate Core {5.4.2.Final}
2020-12-30 08:03:48,064 INFO org.hibernate.annotations.common.reflection.java.JavaReflectionManager [main] HCANN000001: Hibernate Commons Annotations {5.1.0.Final}
2020-12-30 08:03:48,394 INFO org.hibernate.dialect.Dialect [main] HHH000400: Using dialect: org.hibernate.dialect.MySQL5Dialect
2020-12-30 08:03:48,819 INFO org.hibernate.engine.transaction.jta.platform.internal.JtaPlatformInitiator [main] HHH000490: Using JtaPlatform implementation: [org.hibernate.engine.transaction.jta.platform.internal.NoJtaPlatform]
2020-12-30 08:03:49,214 INFO org.apache.juli.logging.DirectJDKLog [main] Starting ProtocolHandler ["http-nio-8080"]
2020-12-30 08:03:49,240 INFO org.springframework.boot.StartupInfoLogger [main] Started EmployeeTrackingApplication in 2.631 seconds (JVM running for 3.575)
2020-12-30 08:03:58,038 INFO org.apache.juli.logging.DirectJDKLog [http-nio-8080-exec-1] Initializing Spring DispatcherServlet 'dispatcherServlet'
2020-12-30 08:04:04,018 DEBUG org.hibernate.engine.jdbc.spi.SqlStatementLogger [http-nio-8080-exec-1] select employee0_.id as id1_0_, employee0_.creationDate as creation2_0_, employee0_.lastModificationDate as lastModi3_0_, employee0_.employeeStatus as employee4_0_, employee0_.name as name5_0_, employee0_.nationalID as national6_0_ from EMPLOYEE employee0_ where employee0_.id=?
2020-12-30 08:04:04,022 TRACE org.hibernate.type.descriptor.sql.BasicBinder [http-nio-8080-exec-1] binding parameter [1] as [BIGINT] - [4]
2020-12-30 08:05:05,191 DEBUG org.hibernate.engine.jdbc.spi.SqlStatementLogger [http-nio-8080-exec-2] select employee0_.id as id1_0_, employee0_.creationDate as creation2_0_, employee0_.lastModificationDate as lastModi3_0_, employee0_.employeeStatus as employee4_0_, employee0_.name as name5_0_, employee0_.nationalID as national6_0_ from EMPLOYEE employee0_ where employee0_.id=?
2020-12-30 08:05:05,194 TRACE org.hibernate.type.descriptor.sql.BasicBinder [http-nio-8080-exec-2] binding parameter [1] as [BIGINT] - [4]
2020-12-30 08:05:34,201 INFO org.springframework.boot.StartupInfoLogger [main] Starting EmployeeTrackingApplication using Java 15 on DESKTOP-IJKKA6D with PID 21156 (E:\programming\company exam\Tracking Employee Status\target\classes started by yelderiny in E:\programming\company exam\Tracking Employee Status)
2020-12-30 08:05:34,204 INFO org.springframework.boot.SpringApplication [main] No active profile set, falling back to default profiles: default
2020-12-30 08:05:35,159 INFO org.apache.juli.logging.DirectJDKLog [main] Initializing ProtocolHandler ["http-nio-8080"]
2020-12-30 08:05:35,160 INFO org.apache.juli.logging.DirectJDKLog [main] Starting service [Tomcat]
2020-12-30 08:05:35,161 INFO org.apache.juli.logging.DirectJDKLog [main] Starting Servlet engine: [Apache Tomcat/9.0.39]
2020-12-30 08:05:35,324 INFO org.apache.juli.logging.DirectJDKLog [main] Initializing Spring embedded WebApplicationContext
2020-12-30 08:05:35,564 INFO org.hibernate.Version [main] HHH000412: Hibernate Core {5.4.2.Final}
2020-12-30 08:05:35,730 INFO org.hibernate.annotations.common.reflection.java.JavaReflectionManager [main] HCANN000001: Hibernate Commons Annotations {5.1.0.Final}
2020-12-30 08:05:36,395 INFO org.hibernate.dialect.Dialect [main] HHH000400: Using dialect: org.hibernate.dialect.MySQL5Dialect
2020-12-30 08:05:37,225 INFO org.hibernate.engine.transaction.jta.platform.internal.JtaPlatformInitiator [main] HHH000490: Using JtaPlatform implementation: [org.hibernate.engine.transaction.jta.platform.internal.NoJtaPlatform]
2020-12-30 08:05:37,934 INFO org.apache.juli.logging.DirectJDKLog [main] Starting ProtocolHandler ["http-nio-8080"]
2020-12-30 08:05:38,001 INFO org.springframework.boot.StartupInfoLogger [main] Started EmployeeTrackingApplication in 4.207 seconds (JVM running for 5.091)
2020-12-30 08:05:47,478 INFO org.apache.juli.logging.DirectJDKLog [http-nio-8080-exec-1] Initializing Spring DispatcherServlet 'dispatcherServlet'
2020-12-30 08:05:47,552 DEBUG org.hibernate.engine.jdbc.spi.SqlStatementLogger [http-nio-8080-exec-1] select employee0_.id as id1_0_, employee0_.creationDate as creation2_0_, employee0_.lastModificationDate as lastModi3_0_, employee0_.employeeStatus as employee4_0_, employee0_.name as name5_0_, employee0_.nationalID as national6_0_ from EMPLOYEE employee0_ where employee0_.id=?
2020-12-30 08:05:47,556 TRACE org.hibernate.type.descriptor.sql.BasicBinder [http-nio-8080-exec-1] binding parameter [1] as [BIGINT] - [4]
2020-12-30 08:11:22,437 INFO org.springframework.boot.StartupInfoLogger [main] Starting EmployeeTrackingApplication using Java 15 on DESKTOP-IJKKA6D with PID 16668 (E:\programming\company exam\Tracking Employee Status\target\classes started by yelderiny in E:\programming\company exam\Tracking Employee Status)
2020-12-30 08:11:22,441 INFO org.springframework.boot.SpringApplication [main] No active profile set, falling back to default profiles: default
2020-12-30 08:11:23,205 INFO org.apache.juli.logging.DirectJDKLog [main] Initializing ProtocolHandler ["http-nio-8080"]
2020-12-30 08:11:23,205 INFO org.apache.juli.logging.DirectJDKLog [main] Starting service [Tomcat]
2020-12-30 08:11:23,205 INFO org.apache.juli.logging.DirectJDKLog [main] Starting Servlet engine: [Apache Tomcat/9.0.39]
2020-12-30 08:11:23,408 INFO org.apache.juli.logging.DirectJDKLog [main] Initializing Spring embedded WebApplicationContext
2020-12-30 08:11:23,546 INFO org.hibernate.Version [main] HHH000412: Hibernate Core {5.4.2.Final}
2020-12-30 08:11:23,632 INFO org.hibernate.annotations.common.reflection.java.JavaReflectionManager [main] HCANN000001: Hibernate Commons Annotations {5.1.0.Final}
2020-12-30 08:11:23,967 INFO org.hibernate.dialect.Dialect [main] HHH000400: Using dialect: org.hibernate.dialect.MySQL5Dialect
2020-12-30 08:11:24,427 INFO org.hibernate.engine.transaction.jta.platform.internal.JtaPlatformInitiator [main] HHH000490: Using JtaPlatform implementation: [org.hibernate.engine.transaction.jta.platform.internal.NoJtaPlatform]
2020-12-30 08:11:24,819 INFO org.apache.juli.logging.DirectJDKLog [main] Starting ProtocolHandler ["http-nio-8080"]
2020-12-30 08:11:24,845 INFO org.springframework.boot.StartupInfoLogger [main] Started EmployeeTrackingApplication in 3.192 seconds (JVM running for 4.572)
2020-12-30 08:11:32,090 INFO org.apache.juli.logging.DirectJDKLog [http-nio-8080-exec-1] Initializing Spring DispatcherServlet 'dispatcherServlet'
2020-12-30 08:11:32,254 DEBUG org.hibernate.engine.jdbc.spi.SqlStatementLogger [http-nio-8080-exec-1] select next_val as id_val from hibernate_sequence for update
2020-12-30 08:11:32,257 DEBUG org.hibernate.engine.jdbc.spi.SqlStatementLogger [http-nio-8080-exec-1] update hibernate_sequence set next_val= ? where next_val=?
2020-12-30 08:12:37,069 INFO org.springframework.boot.StartupInfoLogger [main] Starting EmployeeTrackingApplication using Java 15 on DESKTOP-IJKKA6D with PID 10576 (E:\programming\company exam\Tracking Employee Status\target\classes started by yelderiny in E:\programming\company exam\Tracking Employee Status)
2020-12-30 08:12:37,077 INFO org.springframework.boot.SpringApplication [main] No active profile set, falling back to default profiles: default
2020-12-30 08:12:38,518 INFO org.apache.juli.logging.DirectJDKLog [main] Initializing ProtocolHandler ["http-nio-8080"]
2020-12-30 08:12:38,518 INFO org.apache.juli.logging.DirectJDKLog [main] Starting service [Tomcat]
2020-12-30 08:12:38,518 INFO org.apache.juli.logging.DirectJDKLog [main] Starting Servlet engine: [Apache Tomcat/9.0.39]
2020-12-30 08:12:38,627 INFO org.apache.juli.logging.DirectJDKLog [main] Initializing Spring embedded WebApplicationContext
2020-12-30 08:12:38,751 INFO org.hibernate.Version [main] HHH000412: Hibernate Core {5.4.2.Final}
2020-12-30 08:12:38,841 INFO org.hibernate.annotations.common.reflection.java.JavaReflectionManager [main] HCANN000001: Hibernate Commons Annotations {5.1.0.Final}
2020-12-30 08:12:39,182 INFO org.hibernate.dialect.Dialect [main] HHH000400: Using dialect: org.hibernate.dialect.MySQL5Dialect
2020-12-30 08:12:39,579 INFO org.hibernate.engine.transaction.jta.platform.internal.JtaPlatformInitiator [main] HHH000490: Using JtaPlatform implementation: [org.hibernate.engine.transaction.jta.platform.internal.NoJtaPlatform]
2020-12-30 08:12:39,939 INFO org.apache.juli.logging.DirectJDKLog [main] Starting ProtocolHandler ["http-nio-8080"]
2020-12-30 08:12:39,966 INFO org.springframework.boot.StartupInfoLogger [main] Started EmployeeTrackingApplication in 3.753 seconds (JVM running for 4.634)
2020-12-30 08:12:48,105 INFO org.apache.juli.logging.DirectJDKLog [http-nio-8080-exec-1] Initializing Spring DispatcherServlet 'dispatcherServlet'
2020-12-30 08:12:48,278 DEBUG org.hibernate.engine.jdbc.spi.SqlStatementLogger [http-nio-8080-exec-1] select next_val as id_val from hibernate_sequence for update
2020-12-30 08:12:48,290 DEBUG org.hibernate.engine.jdbc.spi.SqlStatementLogger [http-nio-8080-exec-1] update hibernate_sequence set next_val= ? where next_val=?
2020-12-30 08:12:48,377 DEBUG org.hibernate.engine.jdbc.spi.SqlStatementLogger [http-nio-8080-exec-1] insert into EMPLOYEE (creationDate, lastModificationDate, employeeStatus, name, nationalID, id) values (?, ?, ?, ?, ?, ?)
2020-12-30 08:12:48,382 TRACE org.hibernate.type.descriptor.sql.BasicBinder [http-nio-8080-exec-1] binding parameter [1] as [TIMESTAMP] - [Wed Dec 30 08:12:48 EET 2020]
2020-12-30 08:12:48,383 TRACE org.hibernate.type.descriptor.sql.BasicBinder [http-nio-8080-exec-1] binding parameter [2] as [TIMESTAMP] - [Wed Dec 30 08:12:48 EET 2020]
2020-12-30 08:12:48,384 TRACE org.hibernate.type.descriptor.sql.BasicBinder [http-nio-8080-exec-1] binding parameter [3] as [VARCHAR] - [ADDED]
2020-12-30 08:12:48,384 TRACE org.hibernate.type.descriptor.sql.BasicBinder [http-nio-8080-exec-1] binding parameter [4] as [VARCHAR] - [yasmin]
2020-12-30 08:12:48,385 TRACE org.hibernate.type.descriptor.sql.BasicBinder [http-nio-8080-exec-1] binding parameter [5] as [VARCHAR] - [123456]
2020-12-30 08:12:48,385 TRACE org.hibernate.type.descriptor.sql.BasicBinder [http-nio-8080-exec-1] binding parameter [6] as [BIGINT] - [6]
2020-12-30 08:24:28,393 INFO org.springframework.boot.StartupInfoLogger [main] Starting EmployeeTrackingApplication using Java 15 on DESKTOP-IJKKA6D with PID 16344 (E:\programming\company exam\Tracking Employee Status\target\classes started by yelderiny in E:\programming\company exam\Tracking Employee Status)
2020-12-30 08:24:28,397 INFO org.springframework.boot.SpringApplication [main] No active profile set, falling back to default profiles: default
2020-12-30 08:24:29,203 INFO org.apache.juli.logging.DirectJDKLog [main] Initializing ProtocolHandler ["http-nio-8080"]
2020-12-30 08:24:29,204 INFO org.apache.juli.logging.DirectJDKLog [main] Starting service [Tomcat]
2020-12-30 08:24:29,204 INFO org.apache.juli.logging.DirectJDKLog [main] Starting Servlet engine: [Apache Tomcat/9.0.39]
2020-12-30 08:24:29,294 INFO org.apache.juli.logging.DirectJDKLog [main] Initializing Spring embedded WebApplicationContext
2020-12-30 08:24:29,330 INFO org.apache.juli.logging.DirectJDKLog [main] Stopping service [Tomcat]
2020-12-30 08:24:29,356 ERROR org.springframework.boot.SpringApplication [main] Application run failed
org.springframework.beans.factory.BeanCreationException: Error creating bean with name 'baseDAO' defined in file [E:\programming\company exam\Tracking Employee Status\target\classes\com\emp\employee\dao\BaseDAO.class]: Instantiation of bean failed; nested exception is org.springframework.beans.BeanInstantiationException: Failed to instantiate [com.emp.employee.dao.BaseDAO]: Constructor threw exception; nested exception is java.lang.Exception: EntityType no initialized
	at org.springframework.beans.factory.support.AbstractAutowireCapableBeanFactory.instantiateBean(AbstractAutowireCapableBeanFactory.java:1318)
	at org.springframework.beans.factory.support.AbstractAutowireCapableBeanFactory.createBeanInstance(AbstractAutowireCapableBeanFactory.java:1216)
	at org.springframework.beans.factory.support.AbstractAutowireCapableBeanFactory.doCreateBean(AbstractAutowireCapableBeanFactory.java:571)
	at org.springframework.beans.factory.support.AbstractAutowireCapableBeanFactory.createBean(AbstractAutowireCapableBeanFactory.java:531)
	at org.springframework.beans.factory.support.AbstractBeanFactory.lambda$doGetBean$0(AbstractBeanFactory.java:335)
	at org.springframework.beans.factory.support.DefaultSingletonBeanRegistry.getSingleton(DefaultSingletonBeanRegistry.java:234)
	at org.springframework.beans.factory.support.AbstractBeanFactory.doGetBean(AbstractBeanFactory.java:333)
	at org.springframework.beans.factory.support.AbstractBeanFactory.getBean(AbstractBeanFactory.java:208)
	at org.springframework.beans.factory.support.DefaultListableBeanFactory.preInstantiateSingletons(DefaultListableBeanFactory.java:944)
	at org.springframework.context.support.AbstractApplicationContext.finishBeanFactoryInitialization(AbstractApplicationContext.java:925)
	at org.springframework.context.support.AbstractApplicationContext.refresh(AbstractApplicationContext.java:588)
	at org.springframework.boot.web.servlet.context.ServletWebServerApplicationContext.refresh(ServletWebServerApplicationContext.java:144)
	at org.springframework.boot.SpringApplication.refresh(SpringApplication.java:767)
	at org.springframework.boot.SpringApplication.refresh(SpringApplication.java:759)
	at org.springframework.boot.SpringApplication.refreshContext(SpringApplication.java:426)
	at org.springframework.boot.SpringApplication.run(SpringApplication.java:326)
	at org.springframework.boot.SpringApplication.run(SpringApplication.java:1309)
	at org.springframework.boot.SpringApplication.run(SpringApplication.java:1298)
	at com.emp.EmployeeTrackingApplication.main(EmployeeTrackingApplication.java:10)
Caused by: org.springframework.beans.BeanInstantiationException: Failed to instantiate [com.emp.employee.dao.BaseDAO]: Constructor threw exception; nested exception is java.lang.Exception: EntityType no initialized
	at org.springframework.beans.BeanUtils.instantiateClass(BeanUtils.java:225)
	at org.springframework.beans.factory.support.SimpleInstantiationStrategy.instantiate(SimpleInstantiationStrategy.java:87)
	at org.springframework.beans.factory.support.AbstractAutowireCapableBeanFactory.instantiateBean(AbstractAutowireCapableBeanFactory.java:1310)
	... 18 common frames omitted
Caused by: java.lang.Exception: EntityType no initialized
	at com.emp.employee.dao.BaseDAO.<init>(BaseDAO.java:18)
	at java.base/jdk.internal.reflect.NativeConstructorAccessorImpl.newInstance0(Native Method)
	at java.base/jdk.internal.reflect.NativeConstructorAccessorImpl.newInstance(NativeConstructorAccessorImpl.java:64)
	at java.base/jdk.internal.reflect.DelegatingConstructorAccessorImpl.newInstance(DelegatingConstructorAccessorImpl.java:45)
	at java.base/java.lang.reflect.Constructor.newInstanceWithCaller(Constructor.java:500)
	at java.base/java.lang.reflect.Constructor.newInstance(Constructor.java:481)
	at org.springframework.beans.BeanUtils.instantiateClass(BeanUtils.java:212)
	... 20 common frames omitted
2020-12-30 08:25:21,696 INFO org.springframework.boot.StartupInfoLogger [main] Starting EmployeeTrackingApplication using Java 15 on DESKTOP-IJKKA6D with PID 13432 (E:\programming\company exam\Tracking Employee Status\target\classes started by yelderiny in E:\programming\company exam\Tracking Employee Status)
2020-12-30 08:25:21,702 INFO org.springframework.boot.SpringApplication [main] No active profile set, falling back to default profiles: default
2020-12-30 08:25:22,817 INFO org.apache.juli.logging.DirectJDKLog [main] Initializing ProtocolHandler ["http-nio-8080"]
2020-12-30 08:25:22,818 INFO org.apache.juli.logging.DirectJDKLog [main] Starting service [Tomcat]
2020-12-30 08:25:22,818 INFO org.apache.juli.logging.DirectJDKLog [main] Starting Servlet engine: [Apache Tomcat/9.0.39]
2020-12-30 08:25:22,927 INFO org.apache.juli.logging.DirectJDKLog [main] Initializing Spring embedded WebApplicationContext
2020-12-30 08:25:23,045 INFO org.hibernate.Version [main] HHH000412: Hibernate Core {5.4.2.Final}
2020-12-30 08:25:23,142 INFO org.hibernate.annotations.common.reflection.java.JavaReflectionManager [main] HCANN000001: Hibernate Commons Annotations {5.1.0.Final}
2020-12-30 08:25:23,483 INFO org.hibernate.dialect.Dialect [main] HHH000400: Using dialect: org.hibernate.dialect.MySQL5Dialect
2020-12-30 08:25:23,867 INFO org.hibernate.engine.transaction.jta.platform.internal.JtaPlatformInitiator [main] HHH000490: Using JtaPlatform implementation: [org.hibernate.engine.transaction.jta.platform.internal.NoJtaPlatform]
2020-12-30 08:25:24,222 INFO org.apache.juli.logging.DirectJDKLog [main] Starting ProtocolHandler ["http-nio-8080"]
2020-12-30 08:25:24,257 INFO org.springframework.boot.StartupInfoLogger [main] Started EmployeeTrackingApplication in 3.379 seconds (JVM running for 4.648)
2020-12-30 08:25:44,774 INFO org.apache.juli.logging.DirectJDKLog [http-nio-8080-exec-2] Initializing Spring DispatcherServlet 'dispatcherServlet'
2020-12-30 08:27:06,775 DEBUG org.hibernate.engine.jdbc.spi.SqlStatementLogger [http-nio-8080-exec-7] select employee0_.id as id1_0_0_, employee0_.creationDate as creation2_0_0_, employee0_.lastModificationDate as lastModi3_0_0_, employee0_.employeeStatus as employee4_0_0_, employee0_.name as name5_0_0_, employee0_.nationalID as national6_0_0_ from EMPLOYEE employee0_ where employee0_.id=?
2020-12-30 08:27:06,791 TRACE org.hibernate.type.descriptor.sql.BasicBinder [http-nio-8080-exec-7] binding parameter [1] as [BIGINT] - [6]
2020-12-30 08:27:35,588 DEBUG org.hibernate.engine.jdbc.spi.SqlStatementLogger [http-nio-8080-exec-7] update EMPLOYEE set creationDate=?, lastModificationDate=?, employeeStatus=?, name=?, nationalID=? where id=?
2020-12-30 08:27:35,589 TRACE org.hibernate.type.descriptor.sql.BasicBinder [http-nio-8080-exec-7] binding parameter [1] as [TIMESTAMP] - [2020-12-30 08:12:48.0]
2020-12-30 08:27:35,590 TRACE org.hibernate.type.descriptor.sql.BasicBinder [http-nio-8080-exec-7] binding parameter [2] as [TIMESTAMP] - [2020-12-30 08:12:48.0]
2020-12-30 08:27:35,590 TRACE org.hibernate.type.descriptor.sql.BasicBinder [http-nio-8080-exec-7] binding parameter [3] as [VARCHAR] - [ACTIVE]
2020-12-30 08:27:35,590 TRACE org.hibernate.type.descriptor.sql.BasicBinder [http-nio-8080-exec-7] binding parameter [4] as [VARCHAR] - [yasmin]
2020-12-30 08:27:35,590 TRACE org.hibernate.type.descriptor.sql.BasicBinder [http-nio-8080-exec-7] binding parameter [5] as [VARCHAR] - [123456]
2020-12-30 08:27:35,591 TRACE org.hibernate.type.descriptor.sql.BasicBinder [http-nio-8080-exec-7] binding parameter [6] as [BIGINT] - [6]
2020-12-30 08:29:52,104 INFO org.springframework.boot.StartupInfoLogger [main] Starting EmployeeTrackingApplication using Java 15 on DESKTOP-IJKKA6D with PID 24396 (E:\programming\company exam\Tracking Employee Status\target\classes started by yelderiny in E:\programming\company exam\Tracking Employee Status)
2020-12-30 08:29:52,111 INFO org.springframework.boot.SpringApplication [main] No active profile set, falling back to default profiles: default
2020-12-30 08:29:52,984 INFO org.apache.juli.logging.DirectJDKLog [main] Initializing ProtocolHandler ["http-nio-8080"]
2020-12-30 08:29:52,985 INFO org.apache.juli.logging.DirectJDKLog [main] Starting service [Tomcat]
2020-12-30 08:29:52,985 INFO org.apache.juli.logging.DirectJDKLog [main] Starting Servlet engine: [Apache Tomcat/9.0.39]
2020-12-30 08:29:53,091 INFO org.apache.juli.logging.DirectJDKLog [main] Initializing Spring embedded WebApplicationContext
2020-12-30 08:29:53,223 INFO org.hibernate.Version [main] HHH000412: Hibernate Core {5.4.2.Final}
2020-12-30 08:29:53,309 INFO org.hibernate.annotations.common.reflection.java.JavaReflectionManager [main] HCANN000001: Hibernate Commons Annotations {5.1.0.Final}
2020-12-30 08:29:53,673 INFO org.hibernate.dialect.Dialect [main] HHH000400: Using dialect: org.hibernate.dialect.MySQL5Dialect
2020-12-30 08:29:54,079 INFO org.hibernate.engine.transaction.jta.platform.internal.JtaPlatformInitiator [main] HHH000490: Using JtaPlatform implementation: [org.hibernate.engine.transaction.jta.platform.internal.NoJtaPlatform]
2020-12-30 08:29:54,452 INFO org.apache.juli.logging.DirectJDKLog [main] Starting ProtocolHandler ["http-nio-8080"]
2020-12-30 08:29:54,482 INFO org.springframework.boot.StartupInfoLogger [main] Started EmployeeTrackingApplication in 3.173 seconds (JVM running for 4.682)
2020-12-30 08:30:10,239 INFO org.apache.juli.logging.DirectJDKLog [http-nio-8080-exec-2] Initializing Spring DispatcherServlet 'dispatcherServlet'
2020-12-30 08:31:07,881 DEBUG org.hibernate.engine.jdbc.spi.SqlStatementLogger [http-nio-8080-exec-3] select employee0_.id as id1_0_0_, employee0_.creationDate as creation2_0_0_, employee0_.lastModificationDate as lastModi3_0_0_, employee0_.employeeStatus as employee4_0_0_, employee0_.name as name5_0_0_, employee0_.nationalID as national6_0_0_ from EMPLOYEE employee0_ where employee0_.id=?
2020-12-30 08:31:07,896 TRACE org.hibernate.type.descriptor.sql.BasicBinder [http-nio-8080-exec-3] binding parameter [1] as [BIGINT] - [6]
2020-12-30 08:31:50,025 DEBUG org.hibernate.engine.jdbc.spi.SqlStatementLogger [http-nio-8080-exec-3] update EMPLOYEE set creationDate=?, lastModificationDate=?, employeeStatus=?, name=?, nationalID=? where id=?
2020-12-30 08:31:50,029 TRACE org.hibernate.type.descriptor.sql.BasicBinder [http-nio-8080-exec-3] binding parameter [1] as [TIMESTAMP] - [2020-12-30 08:12:48.0]
2020-12-30 08:31:50,030 TRACE org.hibernate.type.descriptor.sql.BasicBinder [http-nio-8080-exec-3] binding parameter [2] as [TIMESTAMP] - [2020-12-30 08:12:48.0]
2020-12-30 08:31:50,032 TRACE org.hibernate.type.descriptor.sql.BasicBinder [http-nio-8080-exec-3] binding parameter [3] as [VARCHAR] - [APPROVED]
2020-12-30 08:31:50,033 TRACE org.hibernate.type.descriptor.sql.BasicBinder [http-nio-8080-exec-3] binding parameter [4] as [VARCHAR] - [yasmin]
2020-12-30 08:31:50,034 TRACE org.hibernate.type.descriptor.sql.BasicBinder [http-nio-8080-exec-3] binding parameter [5] as [VARCHAR] - [123456]
2020-12-30 08:31:50,035 TRACE org.hibernate.type.descriptor.sql.BasicBinder [http-nio-8080-exec-3] binding parameter [6] as [BIGINT] - [6]
2020-12-30 08:39:35,032 INFO org.springframework.boot.StartupInfoLogger [main] Starting EmployeeTrackingApplication using Java 15 on DESKTOP-IJKKA6D with PID 3924 (E:\programming\company exam\Tracking Employee Status\target\classes started by yelderiny in E:\programming\company exam\Tracking Employee Status)
2020-12-30 08:39:35,036 INFO org.springframework.boot.SpringApplication [main] No active profile set, falling back to default profiles: default
2020-12-30 08:39:36,447 INFO org.apache.juli.logging.DirectJDKLog [main] Initializing ProtocolHandler ["http-nio-8080"]
2020-12-30 08:39:36,448 INFO org.apache.juli.logging.DirectJDKLog [main] Starting service [Tomcat]
2020-12-30 08:39:36,449 INFO org.apache.juli.logging.DirectJDKLog [main] Starting Servlet engine: [Apache Tomcat/9.0.39]
2020-12-30 08:39:36,639 INFO org.apache.juli.logging.DirectJDKLog [main] Initializing Spring embedded WebApplicationContext
2020-12-30 08:39:36,870 INFO org.hibernate.Version [main] HHH000412: Hibernate Core {5.4.2.Final}
2020-12-30 08:39:37,042 INFO org.hibernate.annotations.common.reflection.java.JavaReflectionManager [main] HCANN000001: Hibernate Commons Annotations {5.1.0.Final}
2020-12-30 08:39:37,579 INFO org.hibernate.dialect.Dialect [main] HHH000400: Using dialect: org.hibernate.dialect.MySQL5Dialect
2020-12-30 08:39:37,981 INFO org.hibernate.engine.transaction.jta.platform.internal.JtaPlatformInitiator [main] HHH000490: Using JtaPlatform implementation: [org.hibernate.engine.transaction.jta.platform.internal.NoJtaPlatform]
2020-12-30 08:39:38,327 INFO org.apache.juli.logging.DirectJDKLog [main] Starting ProtocolHandler ["http-nio-8080"]
2020-12-30 08:39:38,359 INFO org.springframework.boot.StartupInfoLogger [main] Started EmployeeTrackingApplication in 3.712 seconds (JVM running for 4.457)
2020-12-30 08:39:44,377 INFO org.apache.juli.logging.DirectJDKLog [http-nio-8080-exec-2] Initializing Spring DispatcherServlet 'dispatcherServlet'
2020-12-30 08:41:38,698 INFO org.springframework.boot.StartupInfoLogger [main] Starting EmployeeTrackingApplication using Java 15 on DESKTOP-IJKKA6D with PID 11284 (E:\programming\company exam\Tracking Employee Status\target\classes started by yelderiny in E:\programming\company exam\Tracking Employee Status)
2020-12-30 08:41:38,701 INFO org.springframework.boot.SpringApplication [main] No active profile set, falling back to default profiles: default
2020-12-30 08:41:39,445 INFO org.apache.juli.logging.DirectJDKLog [main] Initializing ProtocolHandler ["http-nio-8080"]
2020-12-30 08:41:39,446 INFO org.apache.juli.logging.DirectJDKLog [main] Starting service [Tomcat]
2020-12-30 08:41:39,446 INFO org.apache.juli.logging.DirectJDKLog [main] Starting Servlet engine: [Apache Tomcat/9.0.39]
2020-12-30 08:41:39,533 INFO org.apache.juli.logging.DirectJDKLog [main] Initializing Spring embedded WebApplicationContext
2020-12-30 08:41:39,650 INFO org.hibernate.Version [main] HHH000412: Hibernate Core {5.4.2.Final}
2020-12-30 08:41:39,731 INFO org.hibernate.annotations.common.reflection.java.JavaReflectionManager [main] HCANN000001: Hibernate Commons Annotations {5.1.0.Final}
2020-12-30 08:41:40,054 INFO org.hibernate.dialect.Dialect [main] HHH000400: Using dialect: org.hibernate.dialect.MySQL5Dialect
2020-12-30 08:41:40,442 INFO org.hibernate.engine.transaction.jta.platform.internal.JtaPlatformInitiator [main] HHH000490: Using JtaPlatform implementation: [org.hibernate.engine.transaction.jta.platform.internal.NoJtaPlatform]
2020-12-30 08:41:40,793 INFO org.apache.juli.logging.DirectJDKLog [main] Starting ProtocolHandler ["http-nio-8080"]
2020-12-30 08:41:40,818 INFO org.springframework.boot.StartupInfoLogger [main] Started EmployeeTrackingApplication in 2.843 seconds (JVM running for 4.183)
2020-12-30 08:41:46,350 INFO org.apache.juli.logging.DirectJDKLog [http-nio-8080-exec-1] Initializing Spring DispatcherServlet 'dispatcherServlet'
2020-12-30 08:42:10,329 INFO org.springframework.boot.StartupInfoLogger [main] Starting EmployeeTrackingApplication using Java 15 on DESKTOP-IJKKA6D with PID 12384 (E:\programming\company exam\Tracking Employee Status\target\classes started by yelderiny in E:\programming\company exam\Tracking Employee Status)
2020-12-30 08:42:10,333 INFO org.springframework.boot.SpringApplication [main] No active profile set, falling back to default profiles: default
2020-12-30 08:42:11,107 INFO org.apache.juli.logging.DirectJDKLog [main] Initializing ProtocolHandler ["http-nio-8080"]
2020-12-30 08:42:11,107 INFO org.apache.juli.logging.DirectJDKLog [main] Starting service [Tomcat]
2020-12-30 08:42:11,108 INFO org.apache.juli.logging.DirectJDKLog [main] Starting Servlet engine: [Apache Tomcat/9.0.39]
2020-12-30 08:42:11,196 INFO org.apache.juli.logging.DirectJDKLog [main] Initializing Spring embedded WebApplicationContext
2020-12-30 08:42:11,311 INFO org.hibernate.Version [main] HHH000412: Hibernate Core {5.4.2.Final}
2020-12-30 08:42:11,398 INFO org.hibernate.annotations.common.reflection.java.JavaReflectionManager [main] HCANN000001: Hibernate Commons Annotations {5.1.0.Final}
2020-12-30 08:42:11,724 INFO org.hibernate.dialect.Dialect [main] HHH000400: Using dialect: org.hibernate.dialect.MySQL5Dialect
2020-12-30 08:42:12,115 INFO org.hibernate.engine.transaction.jta.platform.internal.JtaPlatformInitiator [main] HHH000490: Using JtaPlatform implementation: [org.hibernate.engine.transaction.jta.platform.internal.NoJtaPlatform]
2020-12-30 08:42:12,451 INFO org.apache.juli.logging.DirectJDKLog [main] Starting ProtocolHandler ["http-nio-8080"]
2020-12-30 08:42:12,493 INFO org.springframework.boot.StartupInfoLogger [main] Started EmployeeTrackingApplication in 2.558 seconds (JVM running for 3.542)
2020-12-30 08:42:15,532 INFO org.apache.juli.logging.DirectJDKLog [http-nio-8080-exec-1] Initializing Spring DispatcherServlet 'dispatcherServlet'
2020-12-30 08:42:38,887 INFO org.springframework.boot.StartupInfoLogger [main] Starting EmployeeTrackingApplication using Java 15 on DESKTOP-IJKKA6D with PID 11864 (E:\programming\company exam\Tracking Employee Status\target\classes started by yelderiny in E:\programming\company exam\Tracking Employee Status)
2020-12-30 08:42:38,891 INFO org.springframework.boot.SpringApplication [main] No active profile set, falling back to default profiles: default
2020-12-30 08:42:39,671 INFO org.apache.juli.logging.DirectJDKLog [main] Initializing ProtocolHandler ["http-nio-8080"]
2020-12-30 08:42:39,671 INFO org.apache.juli.logging.DirectJDKLog [main] Starting service [Tomcat]
2020-12-30 08:42:39,671 INFO org.apache.juli.logging.DirectJDKLog [main] Starting Servlet engine: [Apache Tomcat/9.0.39]
2020-12-30 08:42:39,758 INFO org.apache.juli.logging.DirectJDKLog [main] Initializing Spring embedded WebApplicationContext
2020-12-30 08:42:39,871 INFO org.hibernate.Version [main] HHH000412: Hibernate Core {5.4.2.Final}
2020-12-30 08:42:39,955 INFO org.hibernate.annotations.common.reflection.java.JavaReflectionManager [main] HCANN000001: Hibernate Commons Annotations {5.1.0.Final}
2020-12-30 08:42:40,280 INFO org.hibernate.dialect.Dialect [main] HHH000400: Using dialect: org.hibernate.dialect.MySQL5Dialect
2020-12-30 08:42:40,667 INFO org.hibernate.engine.transaction.jta.platform.internal.JtaPlatformInitiator [main] HHH000490: Using JtaPlatform implementation: [org.hibernate.engine.transaction.jta.platform.internal.NoJtaPlatform]
2020-12-30 08:42:41,002 INFO org.apache.juli.logging.DirectJDKLog [main] Starting ProtocolHandler ["http-nio-8080"]
2020-12-30 08:42:41,028 INFO org.springframework.boot.StartupInfoLogger [main] Started EmployeeTrackingApplication in 2.54 seconds (JVM running for 3.847)
2020-12-30 08:42:45,473 INFO org.apache.juli.logging.DirectJDKLog [http-nio-8080-exec-1] Initializing Spring DispatcherServlet 'dispatcherServlet'
2020-12-30 08:43:57,334 INFO org.springframework.boot.StartupInfoLogger [main] Starting EmployeeTrackingApplication using Java 15 on DESKTOP-IJKKA6D with PID 2404 (E:\programming\company exam\Tracking Employee Status\target\classes started by yelderiny in E:\programming\company exam\Tracking Employee Status)
2020-12-30 08:43:57,337 INFO org.springframework.boot.SpringApplication [main] No active profile set, falling back to default profiles: default
2020-12-30 08:43:58,110 INFO org.apache.juli.logging.DirectJDKLog [main] Initializing ProtocolHandler ["http-nio-8080"]
2020-12-30 08:43:58,111 INFO org.apache.juli.logging.DirectJDKLog [main] Starting service [Tomcat]
2020-12-30 08:43:58,111 INFO org.apache.juli.logging.DirectJDKLog [main] Starting Servlet engine: [Apache Tomcat/9.0.39]
2020-12-30 08:43:58,202 INFO org.apache.juli.logging.DirectJDKLog [main] Initializing Spring embedded WebApplicationContext
2020-12-30 08:43:58,320 INFO org.hibernate.Version [main] HHH000412: Hibernate Core {5.4.2.Final}
2020-12-30 08:43:58,403 INFO org.hibernate.annotations.common.reflection.java.JavaReflectionManager [main] HCANN000001: Hibernate Commons Annotations {5.1.0.Final}
2020-12-30 08:43:58,720 INFO org.hibernate.dialect.Dialect [main] HHH000400: Using dialect: org.hibernate.dialect.MySQL5Dialect
2020-12-30 08:43:59,108 INFO org.hibernate.engine.transaction.jta.platform.internal.JtaPlatformInitiator [main] HHH000490: Using JtaPlatform implementation: [org.hibernate.engine.transaction.jta.platform.internal.NoJtaPlatform]
2020-12-30 08:43:59,453 INFO org.apache.juli.logging.DirectJDKLog [main] Starting ProtocolHandler ["http-nio-8080"]
2020-12-30 08:43:59,492 INFO org.springframework.boot.StartupInfoLogger [main] Started EmployeeTrackingApplication in 2.563 seconds (JVM running for 4.237)
2020-12-30 08:44:02,635 INFO org.apache.juli.logging.DirectJDKLog [http-nio-8080-exec-1] Initializing Spring DispatcherServlet 'dispatcherServlet'
2020-12-30 08:48:38,980 INFO org.springframework.boot.StartupInfoLogger [main] Starting EmployeeTrackingApplication using Java 15 on DESKTOP-IJKKA6D with PID 15624 (E:\programming\company exam\Tracking Employee Status\target\classes started by yelderiny in E:\programming\company exam\Tracking Employee Status)
2020-12-30 08:48:38,984 INFO org.springframework.boot.SpringApplication [main] No active profile set, falling back to default profiles: default
2020-12-30 08:48:39,728 INFO org.apache.juli.logging.DirectJDKLog [main] Initializing ProtocolHandler ["http-nio-8080"]
2020-12-30 08:48:39,728 INFO org.apache.juli.logging.DirectJDKLog [main] Starting service [Tomcat]
2020-12-30 08:48:39,728 INFO org.apache.juli.logging.DirectJDKLog [main] Starting Servlet engine: [Apache Tomcat/9.0.39]
2020-12-30 08:48:39,821 INFO org.apache.juli.logging.DirectJDKLog [main] Initializing Spring embedded WebApplicationContext
2020-12-30 08:48:39,936 INFO org.hibernate.Version [main] HHH000412: Hibernate Core {5.4.2.Final}
2020-12-30 08:48:40,021 INFO org.hibernate.annotations.common.reflection.java.JavaReflectionManager [main] HCANN000001: Hibernate Commons Annotations {5.1.0.Final}
2020-12-30 08:48:40,345 INFO org.hibernate.dialect.Dialect [main] HHH000400: Using dialect: org.hibernate.dialect.MySQL5Dialect
2020-12-30 08:48:40,813 INFO org.hibernate.engine.transaction.jta.platform.internal.JtaPlatformInitiator [main] HHH000490: Using JtaPlatform implementation: [org.hibernate.engine.transaction.jta.platform.internal.NoJtaPlatform]
2020-12-30 08:48:41,505 INFO org.apache.juli.logging.DirectJDKLog [main] Starting ProtocolHandler ["http-nio-8080"]
2020-12-30 08:48:41,565 INFO org.springframework.boot.StartupInfoLogger [main] Started EmployeeTrackingApplication in 3.036 seconds (JVM running for 4.521)
2020-12-30 08:48:49,145 INFO org.apache.juli.logging.DirectJDKLog [http-nio-8080-exec-1] Initializing Spring DispatcherServlet 'dispatcherServlet'
2020-12-30 08:49:19,511 INFO org.springframework.boot.StartupInfoLogger [main] Starting EmployeeTrackingApplication using Java 15 on DESKTOP-IJKKA6D with PID 2492 (E:\programming\company exam\Tracking Employee Status\target\classes started by yelderiny in E:\programming\company exam\Tracking Employee Status)
2020-12-30 08:49:19,514 INFO org.springframework.boot.SpringApplication [main] No active profile set, falling back to default profiles: default
2020-12-30 08:49:20,262 INFO org.apache.juli.logging.DirectJDKLog [main] Initializing ProtocolHandler ["http-nio-8080"]
2020-12-30 08:49:20,262 INFO org.apache.juli.logging.DirectJDKLog [main] Starting service [Tomcat]
2020-12-30 08:49:20,263 INFO org.apache.juli.logging.DirectJDKLog [main] Starting Servlet engine: [Apache Tomcat/9.0.39]
2020-12-30 08:49:20,350 INFO org.apache.juli.logging.DirectJDKLog [main] Initializing Spring embedded WebApplicationContext
2020-12-30 08:49:20,465 INFO org.hibernate.Version [main] HHH000412: Hibernate Core {5.4.2.Final}
2020-12-30 08:49:20,552 INFO org.hibernate.annotations.common.reflection.java.JavaReflectionManager [main] HCANN000001: Hibernate Commons Annotations {5.1.0.Final}
2020-12-30 08:49:20,914 INFO org.hibernate.dialect.Dialect [main] HHH000400: Using dialect: org.hibernate.dialect.MySQL5Dialect
2020-12-30 08:49:21,686 INFO org.hibernate.engine.transaction.jta.platform.internal.JtaPlatformInitiator [main] HHH000490: Using JtaPlatform implementation: [org.hibernate.engine.transaction.jta.platform.internal.NoJtaPlatform]
2020-12-30 08:49:22,326 INFO org.apache.juli.logging.DirectJDKLog [main] Starting ProtocolHandler ["http-nio-8080"]
2020-12-30 08:49:22,377 INFO org.springframework.boot.StartupInfoLogger [main] Started EmployeeTrackingApplication in 3.251 seconds (JVM running for 4.136)
2020-12-30 08:49:29,294 INFO org.apache.juli.logging.DirectJDKLog [http-nio-8080-exec-1] Initializing Spring DispatcherServlet 'dispatcherServlet'
2020-12-30 08:52:32,789 INFO org.springframework.boot.StartupInfoLogger [main] Starting EmployeeTrackingApplication using Java 15 on DESKTOP-IJKKA6D with PID 3272 (E:\programming\company exam\Tracking Employee Status\target\classes started by yelderiny in E:\programming\company exam\Tracking Employee Status)
2020-12-30 08:52:32,794 INFO org.springframework.boot.SpringApplication [main] No active profile set, falling back to default profiles: default
2020-12-30 08:52:34,366 INFO org.apache.juli.logging.DirectJDKLog [main] Initializing ProtocolHandler ["http-nio-8080"]
2020-12-30 08:52:34,367 INFO org.apache.juli.logging.DirectJDKLog [main] Starting service [Tomcat]
2020-12-30 08:52:34,368 INFO org.apache.juli.logging.DirectJDKLog [main] Starting Servlet engine: [Apache Tomcat/9.0.39]
2020-12-30 08:52:34,564 INFO org.apache.juli.logging.DirectJDKLog [main] Initializing Spring embedded WebApplicationContext
2020-12-30 08:52:34,810 INFO org.hibernate.Version [main] HHH000412: Hibernate Core {5.4.2.Final}
2020-12-30 08:52:34,981 INFO org.hibernate.annotations.common.reflection.java.JavaReflectionManager [main] HCANN000001: Hibernate Commons Annotations {5.1.0.Final}
2020-12-30 08:52:35,691 INFO org.hibernate.dialect.Dialect [main] HHH000400: Using dialect: org.hibernate.dialect.MySQL5Dialect
2020-12-30 08:52:36,075 INFO org.hibernate.engine.transaction.jta.platform.internal.JtaPlatformInitiator [main] HHH000490: Using JtaPlatform implementation: [org.hibernate.engine.transaction.jta.platform.internal.NoJtaPlatform]
2020-12-30 08:52:36,405 INFO org.apache.juli.logging.DirectJDKLog [main] Starting ProtocolHandler ["http-nio-8080"]
2020-12-30 08:52:36,431 INFO org.springframework.boot.StartupInfoLogger [main] Started EmployeeTrackingApplication in 4.43 seconds (JVM running for 6.074)
2020-12-30 08:52:57,984 INFO org.apache.juli.logging.DirectJDKLog [http-nio-8080-exec-1] Initializing Spring DispatcherServlet 'dispatcherServlet'
2020-12-30 08:56:08,298 INFO org.springframework.boot.StartupInfoLogger [main] Starting EmployeeTrackingApplication using Java 15 on DESKTOP-IJKKA6D with PID 23780 (E:\programming\company exam\Tracking Employee Status\target\classes started by yelderiny in E:\programming\company exam\Tracking Employee Status)
2020-12-30 08:56:08,300 INFO org.springframework.boot.SpringApplication [main] No active profile set, falling back to default profiles: default
2020-12-30 08:56:09,076 INFO org.apache.juli.logging.DirectJDKLog [main] Initializing ProtocolHandler ["http-nio-8080"]
2020-12-30 08:56:09,076 INFO org.apache.juli.logging.DirectJDKLog [main] Starting service [Tomcat]
2020-12-30 08:56:09,076 INFO org.apache.juli.logging.DirectJDKLog [main] Starting Servlet engine: [Apache Tomcat/9.0.39]
2020-12-30 08:56:09,167 INFO org.apache.juli.logging.DirectJDKLog [main] Initializing Spring embedded WebApplicationContext
2020-12-30 08:56:09,341 INFO org.hibernate.Version [main] HHH000412: Hibernate Core {5.4.2.Final}
2020-12-30 08:56:09,518 INFO org.hibernate.annotations.common.reflection.java.JavaReflectionManager [main] HCANN000001: Hibernate Commons Annotations {5.1.0.Final}
2020-12-30 08:56:10,160 INFO org.hibernate.dialect.Dialect [main] HHH000400: Using dialect: org.hibernate.dialect.MySQL5Dialect
2020-12-30 08:56:10,936 INFO org.hibernate.engine.transaction.jta.platform.internal.JtaPlatformInitiator [main] HHH000490: Using JtaPlatform implementation: [org.hibernate.engine.transaction.jta.platform.internal.NoJtaPlatform]
2020-12-30 08:56:11,580 INFO org.apache.juli.logging.DirectJDKLog [main] Starting ProtocolHandler ["http-nio-8080"]
2020-12-30 08:56:11,629 INFO org.springframework.boot.StartupInfoLogger [main] Started EmployeeTrackingApplication in 3.745 seconds (JVM running for 4.477)
2020-12-30 08:56:17,112 INFO org.apache.juli.logging.DirectJDKLog [http-nio-8080-exec-2] Initializing Spring DispatcherServlet 'dispatcherServlet'
